# JRE version: Java(TM) SE Runtime Environment (8.0_101-b13) (build 1.8.0_101-b13)
# Java VM: Java HotSpot(TM) Client VM (25.101-b13 mixed mode windows-x86 )
Heap:
 def new generation   total 15488K, used 9163K [0x04a00000, 0x05ac0000, 0x19f50000)
  eden space 13824K,  54% used [0x04a00000, 0x05152d20, 0x05780000)
  from space 1664K,  99% used [0x05780000, 0x0591fff8, 0x05920000)
  to   space 1664K,   0% used [0x05920000, 0x05920000, 0x05ac0000)
 tenured generation   total 34220K, used 22686K [0x19f50000, 0x1c0bb000, 0x44a00000)
   the space 34220K,  66% used [0x19f50000, 0x1b577b60, 0x1b577c00, 0x1c0bb000)
 Metaspace       used 3409K, capacity 3494K, committed 3520K, reserved 4480K
GC Heap History (10 events):
Event: 1.277 GC heap before
{Heap before GC invocations=1 (full 0):
 def new generation   total 4928K, used 4928K [0x04a00000, 0x04f50000, 0x19f50000)
  eden space 4416K, 100% used [0x04a00000, 0x04e50000, 0x04e50000)
  from space 512K, 100% used [0x04ed0000, 0x04f50000, 0x04f50000)
  to   space 512K,   0% used [0x04e50000, 0x04e50000, 0x04ed0000)
 tenured generation   total 10944K, used 199K [0x19f50000, 0x1aa00000, 0x44a00000)
   the space 10944K,   1% used [0x19f50000, 0x19f81d70, 0x19f81e00, 0x1aa00000)
 Metaspace       used 2437K, capacity 2630K, committed 2752K, reserved 4480K
Event: 1.282 GC heap after
Heap after GC invocations=2 (full 0):
 def new generation   total 4928K, used 512K [0x04a00000, 0x04f50000, 0x19f50000)
  eden space 4416K,   0% used [0x04a00000, 0x04a00000, 0x04e50000)
  from space 512K, 100% used [0x04e50000, 0x04ed0000, 0x04ed0000)
  to   space 512K,   0% used [0x04ed0000, 0x04ed0000, 0x04f50000)
 tenured generation   total 10944K, used 752K [0x19f50000, 0x1aa00000, 0x44a00000)
   the space 10944K,   6% used [0x19f50000, 0x1a00c398, 0x1a00c400, 0x1aa00000)
 Metaspace       used 2437K, capacity 2630K, committed 2752K, reserved 4480K
}
Event: 1.624 GC heap before
{Heap before GC invocations=2 (full 0):
 def new generation   total 4928K, used 4785K [0x04a00000, 0x04f50000, 0x19f50000)
  eden space 4416K,  96% used [0x04a00000, 0x04e2c6d8, 0x04e50000)
  from space 512K, 100% used [0x04e50000, 0x04ed0000, 0x04ed0000)
  to   space 512K,   0% used [0x04ed0000, 0x04ed0000, 0x04f50000)
 tenured generation   total 10944K, used 752K [0x19f50000, 0x1aa00000, 0x44a00000)
   the space 10944K,   6% used [0x19f50000, 0x1a00c398, 0x1a00c400, 0x1aa00000)
 Metaspace       used 3222K, capacity 3398K, committed 3520K, reserved 4480K
Event: 1.630 GC heap after
Heap after GC invocations=3 (full 0):
 def new generation   total 4928K, used 511K [0x04a00000, 0x04f50000, 0x19f50000)
  eden space 4416K,   0% used [0x04a00000, 0x04a00000, 0x04e50000)
  from space 512K,  99% used [0x04ed0000, 0x04f4fff8, 0x04f50000)
  to   space 512K,   0% used [0x04e50000, 0x04e50000, 0x04ed0000)
 tenured generation   total 10944K, used 1660K [0x19f50000, 0x1aa00000, 0x44a00000)
   the space 10944K,  15% used [0x19f50000, 0x1a0ef290, 0x1a0ef400, 0x1aa00000)
 Metaspace       used 3222K, capacity 3398K, committed 3520K, reserved 4480K
}
Event: 2.027 GC heap before
{Heap before GC invocations=3 (full 0):
 def new generation   total 4928K, used 4927K [0x04a00000, 0x04f50000, 0x19f50000)
  eden space 4416K, 100% used [0x04a00000, 0x04e50000, 0x04e50000)
  from space 512K,  99% used [0x04ed0000, 0x04f4fff8, 0x04f50000)
  to   space 512K,   0% used [0x04e50000, 0x04e50000, 0x04ed0000)
 tenured generation   total 10944K, used 1660K [0x19f50000, 0x1aa00000, 0x44a00000)
   the space 10944K,  15% used [0x19f50000, 0x1a0ef290, 0x1a0ef400, 0x1aa00000)
 Metaspace       used 3327K, capacity 3494K, committed 3520K, reserved 4480K
Event: 2.033 GC heap after
Heap after GC invocations=4 (full 0):
 def new generation   total 4928K, used 512K [0x04a00000, 0x04f50000, 0x19f50000)
  eden space 4416K,   0% used [0x04a00000, 0x04a00000, 0x04e50000)
  from space 512K, 100% used [0x04e50000, 0x04ed0000, 0x04ed0000)
  to   space 512K,   0% used [0x04ed0000, 0x04ed0000, 0x04f50000)
 tenured generation   total 10944K, used 2578K [0x19f50000, 0x1aa00000, 0x44a00000)
   the space 10944K,  23% used [0x19f50000, 0x1a1d48b0, 0x1a1d4a00, 0x1aa00000)
 Metaspace       used 3327K, capacity 3494K, committed 3520K, reserved 4480K
}
Event: 2.285 GC heap before
{Heap before GC invocations=4 (full 0):
 def new generation   total 4928K, used 4928K [0x04a00000, 0x04f50000, 0x19f50000)
  eden space 4416K, 100% used [0x04a00000, 0x04e50000, 0x04e50000)
  from space 512K, 100% used [0x04e50000, 0x04ed0000, 0x04ed0000)
  to   space 512K,   0% used [0x04ed0000, 0x04ed0000, 0x04f50000)
 tenured generation   total 10944K, used 2578K [0x19f50000, 0x1aa00000, 0x44a00000)
   the space 10944K,  23% used [0x19f50000, 0x1a1d48b0, 0x1a1d4a00, 0x1aa00000)
 Metaspace       used 3331K, capacity 3494K, committed 3520K, reserved 4480K
Event: 2.292 GC heap after
Heap after GC invocations=5 (full 0):
 def new generation   total 4928K, used 512K [0x04a00000, 0x04f50000, 0x19f50000)
  eden space 4416K,   0% used [0x04a00000, 0x04a00000, 0x04e50000)
  from space 512K, 100% used [0x04ed0000, 0x04f50000, 0x04f50000)
  to   space 512K,   0% used [0x04e50000, 0x04e50000, 0x04ed0000)
 tenured generation   total 10944K, used 3323K [0x19f50000, 0x1aa00000, 0x44a00000)
   the space 10944K,  30% used [0x19f50000, 0x1a28ee10, 0x1a28f000, 0x1aa00000)
 Metaspace       used 3331K, capacity 3494K, committed 3520K, reserved 4480K
}
Event: 2.373 GC heap before
{Heap before GC invocations=5 (full 0):
 def new generation   total 4928K, used 4928K [0x04a00000, 0x04f50000, 0x19f50000)
  eden space 4416K, 100% used [0x04a00000, 0x04e50000, 0x04e50000)
  from space 512K, 100% used [0x04ed0000, 0x04f50000, 0x04f50000)
  to   space 512K,   0% used [0x04e50000, 0x04e50000, 0x04ed0000)
 tenured generation   total 10944K, used 3323K [0x19f50000, 0x1aa00000, 0x44a00000)
   the space 10944K,  30% used [0x19f50000, 0x1a28ee10, 0x1a28f000, 0x1aa00000)
 Metaspace       used 3347K, capacity 3494K, committed 3520K, reserved 4480K
Event: 2.378 GC heap after
Heap after GC invocations=6 (full 0):
 def new generation   total 4928K, used 512K [0x04a00000, 0x04f50000, 0x19f50000)
  eden space 4416K,   0% used [0x04a00000, 0x04a00000, 0x04e50000)
  from space 512K, 100% used [0x04e50000, 0x04ed0000, 0x04ed0000)
  to   space 512K,   0% used [0x04ed0000, 0x04ed0000, 0x04f50000)
 tenured generation   total 10944K, used 4003K [0x19f50000, 0x1aa00000, 0x44a00000)
   the space 10944K,  36% used [0x19f50000, 0x1a338f40, 0x1a339000, 0x1aa00000)
 Metaspace       used 3347K, capacity 3494K, committed 3520K, reserved 4480K
}

